# JRE version: OpenJDK Runtime Environment (8.0_152-b06) (build 1.8.0_152-release-1136-b06)
# Java VM: OpenJDK 64-Bit Server VM (25.152-b06 mixed mode linux-amd64 compressed oops)
Heap:
 PSYoungGen      total 289792K, used 16031K [0x00000000e0000000, 0x00000000f3200000, 0x0000000100000000)
  eden space 267776K, 0% used [0x00000000e0000000,0x00000000e0000000,0x00000000f0580000)
  from space 22016K, 72% used [0x00000000f0580000,0x00000000f1527eb8,0x00000000f1b00000)
  to   space 23040K, 0% used [0x00000000f1b00000,0x00000000f1b00000,0x00000000f3180000)
 ParOldGen       total 73728K, used 32567K [0x00000000a0000000, 0x00000000a4800000, 0x00000000e0000000)
  object space 73728K, 44% used [0x00000000a0000000,0x00000000a1fcdcf8,0x00000000a4800000)
 Metaspace       used 66414K, capacity 68411K, committed 68696K, reserved 1107968K
  class space    used 8851K, capacity 9287K, committed 9344K, reserved 1048576K
GC Heap History (10 events):
Event: 57,347 GC heap after
Heap after GC invocations=9 (full 2):
 PSYoungGen      total 133632K, used 0K [0x00000000e0000000, 0x00000000ed500000, 0x0000000100000000)
  eden space 122880K, 0% used [0x00000000e0000000,0x00000000e0000000,0x00000000e7800000)
  from space 10752K, 0% used [0x00000000e7800000,0x00000000e7800000,0x00000000e8280000)
  to   space 13312K, 0% used [0x00000000ec800000,0x00000000ec800000,0x00000000ed500000)
 ParOldGen       total 52224K, used 18989K [0x00000000a0000000, 0x00000000a3300000, 0x00000000e0000000)
  object space 52224K, 36% used [0x00000000a0000000,0x00000000a128b780,0x00000000a3300000)
 Metaspace       used 34477K, capacity 35145K, committed 35416K, reserved 1079296K
  class space    used 4786K, capacity 4992K, committed 4992K, reserved 1048576K
}
Event: 102,243 GC heap before
{Heap before GC invocations=10 (full 2):
 PSYoungGen      total 133632K, used 122880K [0x00000000e0000000, 0x00000000ed500000, 0x0000000100000000)
  eden space 122880K, 100% used [0x00000000e0000000,0x00000000e7800000,0x00000000e7800000)
  from space 10752K, 0% used [0x00000000e7800000,0x00000000e7800000,0x00000000e8280000)
  to   space 13312K, 0% used [0x00000000ec800000,0x00000000ec800000,0x00000000ed500000)
 ParOldGen       total 52224K, used 18989K [0x00000000a0000000, 0x00000000a3300000, 0x00000000e0000000)
  object space 52224K, 36% used [0x00000000a0000000,0x00000000a128b780,0x00000000a3300000)
 Metaspace       used 41688K, capacity 42565K, committed 42840K, reserved 1085440K
  class space    used 5640K, capacity 5898K, committed 6016K, reserved 1048576K
Event: 103,979 GC heap after
Heap after GC invocations=10 (full 2):
 PSYoungGen      total 202240K, used 13285K [0x00000000e0000000, 0x00000000ef000000, 0x0000000100000000)
  eden space 188928K, 0% used [0x00000000e0000000,0x00000000e0000000,0x00000000eb880000)
  from space 13312K, 99% used [0x00000000ec800000,0x00000000ed4f9738,0x00000000ed500000)
  to   space 15872K, 0% used [0x00000000eb880000,0x00000000eb880000,0x00000000ec800000)
 ParOldGen       total 52224K, used 20010K [0x00000000a0000000, 0x00000000a3300000, 0x00000000e0000000)
  object space 52224K, 38% used [0x00000000a0000000,0x00000000a138a9a0,0x00000000a3300000)
 Metaspace       used 41688K, capacity 42565K, committed 42840K, reserved 1085440K
  class space    used 5640K, capacity 5898K, committed 6016K, reserved 1048576K
}
Event: 289,737 GC heap before
{Heap before GC invocations=11 (full 2):
 PSYoungGen      total 202240K, used 202213K [0x00000000e0000000, 0x00000000ef000000, 0x0000000100000000)
  eden space 188928K, 100% used [0x00000000e0000000,0x00000000eb880000,0x00000000eb880000)
  from space 13312K, 99% used [0x00000000ec800000,0x00000000ed4f9738,0x00000000ed500000)
  to   space 15872K, 0% used [0x00000000eb880000,0x00000000eb880000,0x00000000ec800000)
 ParOldGen       total 52224K, used 20010K [0x00000000a0000000, 0x00000000a3300000, 0x00000000e0000000)
  object space 52224K, 38% used [0x00000000a0000000,0x00000000a138a9a0,0x00000000a3300000)
 Metaspace       used 56362K, capacity 58039K, committed 58328K, reserved 1099776K
  class space    used 7689K, capacity 8093K, committed 8192K, reserved 1048576K
Event: 289,823 GC heap after
Heap after GC invocations=11 (full 2):
 PSYoungGen      total 204800K, used 15870K [0x00000000e0000000, 0x00000000f3180000, 0x0000000100000000)
  eden space 188928K, 0% used [0x00000000e0000000,0x00000000e0000000,0x00000000eb880000)
  from space 15872K, 99% used [0x00000000eb880000,0x00000000ec7ffbf8,0x00000000ec800000)
  to   space 23040K, 0% used [0x00000000f1b00000,0x00000000f1b00000,0x00000000f3180000)
 ParOldGen       total 52224K, used 31274K [0x00000000a0000000, 0x00000000a3300000, 0x00000000e0000000)
  object space 52224K, 59% used [0x00000000a0000000,0x00000000a1e8ab28,0x00000000a3300000)
 Metaspace       used 56362K, capacity 58039K, committed 58328K, reserved 1099776K
  class space    used 7689K, capacity 8093K, committed 8192K, reserved 1048576K
}
Event: 292,142 GC heap before
{Heap before GC invocations=12 (full 2):
 PSYoungGen      total 204800K, used 41602K [0x00000000e0000000, 0x00000000f3180000, 0x0000000100000000)
  eden space 188928K, 13% used [0x00000000e0000000,0x00000000e1920fb0,0x00000000eb880000)
  from space 15872K, 99% used [0x00000000eb880000,0x00000000ec7ffbf8,0x00000000ec800000)
  to   space 23040K, 0% used [0x00000000f1b00000,0x00000000f1b00000,0x00000000f3180000)
 ParOldGen       total 52224K, used 31274K [0x00000000a0000000, 0x00000000a3300000, 0x00000000e0000000)
  object space 52224K, 59% used [0x00000000a0000000,0x00000000a1e8ab28,0x00000000a3300000)
 Metaspace       used 57129K, capacity 58797K, committed 58968K, reserved 1099776K
  class space    used 7777K, capacity 8196K, committed 8320K, reserved 1048576K
Event: 292,171 GC heap after
Heap after GC invocations=12 (full 2):
 PSYoungGen      total 290816K, used 10165K [0x00000000e0000000, 0x00000000f3200000, 0x0000000100000000)
  eden space 267776K, 0% used [0x00000000e0000000,0x00000000e0000000,0x00000000f0580000)
  from space 23040K, 44% used [0x00000000f1b00000,0x00000000f24ed6f0,0x00000000f3180000)
  to   space 22016K, 0% used [0x00000000f0580000,0x00000000f0580000,0x00000000f1b00000)
 ParOldGen       total 52224K, used 38442K [0x00000000a0000000, 0x00000000a3300000, 0x00000000e0000000)
  object space 52224K, 73% used [0x00000000a0000000,0x00000000a258aa30,0x00000000a3300000)
 Metaspace       used 57129K, capacity 58797K, committed 58968K, reserved 1099776K
  class space    used 7777K, capacity 8196K, committed 8320K, reserved 1048576K
}
Event: 292,171 GC heap before
{Heap before GC invocations=13 (full 3):
 PSYoungGen      total 290816K, used 10165K [0x00000000e0000000, 0x00000000f3200000, 0x0000000100000000)
  eden space 267776K, 0% used [0x00000000e0000000,0x00000000e0000000,0x00000000f0580000)
  from space 23040K, 44% used [0x00000000f1b00000,0x00000000f24ed6f0,0x00000000f3180000)
  to   space 22016K, 0% used [0x00000000f0580000,0x00000000f0580000,0x00000000f1b00000)
 ParOldGen       total 52224K, used 38442K [0x00000000a0000000, 0x00000000a3300000, 0x00000000e0000000)
  object space 52224K, 73% used [0x00000000a0000000,0x00000000a258aa30,0x00000000a3300000)
 Metaspace       used 57129K, capacity 58797K, committed 58968K, reserved 1099776K
  class space    used 7777K, capacity 8196K, committed 8320K, reserved 1048576K
Event: 292,453 GC heap after
Heap after GC invocations=13 (full 3):
 PSYoungGen      total 290816K, used 0K [0x00000000e0000000, 0x00000000f3200000, 0x0000000100000000)
  eden space 267776K, 0% used [0x00000000e0000000,0x00000000e0000000,0x00000000f0580000)
  from space 23040K, 0% used [0x00000000f1b00000,0x00000000f1b00000,0x00000000f3180000)
  to   space 22016K, 0% used [0x00000000f0580000,0x00000000f0580000,0x00000000f1b00000)
 ParOldGen       total 73728K, used 32559K [0x00000000a0000000, 0x00000000a4800000, 0x00000000e0000000)
  object space 73728K, 44% used [0x00000000a0000000,0x00000000a1fcbcf8,0x00000000a4800000)
 Metaspace       used 57129K, capacity 58797K, committed 58968K, reserved 1099776K
  class space    used 7777K, capacity 8196K, committed 8320K, reserved 1048576K
}
Event: 5764,485 GC heap before
{Heap before GC invocations=14 (full 3):
 PSYoungGen      total 290816K, used 267776K [0x00000000e0000000, 0x00000000f3200000, 0x0000000100000000)
  eden space 267776K, 100% used [0x00000000e0000000,0x00000000f0580000,0x00000000f0580000)
  from space 23040K, 0% used [0x00000000f1b00000,0x00000000f1b00000,0x00000000f3180000)
  to   space 22016K, 0% used [0x00000000f0580000,0x00000000f0580000,0x00000000f1b00000)
 ParOldGen       total 73728K, used 32559K [0x00000000a0000000, 0x00000000a4800000, 0x00000000e0000000)
  object space 73728K, 44% used [0x00000000a0000000,0x00000000a1fcbcf8,0x00000000a4800000)
 Metaspace       used 66414K, capacity 68411K, committed 68696K, reserved 1107968K
  class space    used 8851K, capacity 9287K, committed 9344K, reserved 1048576K

